[20:51:39] [main/INFO]: LiteLoader 1.12.2 starting up...
[20:51:39] [main/INFO]: Active Pack: 1.12.2-SNAPSHOT-r4CC2BB0-b4-4
[20:51:39] [main/INFO]: Java reports OS="windows 10"
[20:51:39] [main/INFO]: Adding supported mod class prefix 'LiteMod'
[20:51:39] [main/INFO]: Enumerating class path...
[20:51:39] [main/INFO]: Class path separator=";"
[20:51:39] [main/INFO]: Class path entries=(
   classpathEntry=C:\Users\enemos\curseforge\minecraft\Install\libraries\net\minecraftforge\forge\1.12.2-14.23.5.2859\forge-1.12.2-14.23.5.2859.jar
   classpathEntry=C:\Users\enemos\curseforge\minecraft\Install\libraries\org\ow2\asm\asm-debug-all\5.2\asm-debug-all-5.2.jar
   classpathEntry=C:\Users\enemos\curseforge\minecraft\Install\libraries\net\minecraft\launchwrapper\1.12\launchwrapper-1.12.jar
   classpathEntry=C:\Users\enemos\curseforge\minecraft\Install\libraries\org\jline\jline\3.5.1\jline-3.5.1.jar
   classpathEntry=C:\Users\enemos\curseforge\minecraft\Install\libraries\com\typesafe\akka\akka-actor_2.11\2.3.3\akka-actor_2.11-2.3.3.jar
   classpathEntry=C:\Users\enemos\curseforge\minecraft\Install\libraries\com\typesafe\config\1.2.1\config-1.2.1.jar
   classpathEntry=C:\Users\enemos\curseforge\minecraft\Install\libraries\org\scala-lang\scala-actors-migration_2.11\1.1.0\scala-actors-migration_2.11-1.1.0.jar
   classpathEntry=C:\Users\enemos\curseforge\minecraft\Install\libraries\org\scala-lang\scala-compiler\2.11.1\scala-compiler-2.11.1.jar
   classpathEntry=C:\Users\enemos\curseforge\minecraft\Install\libraries\org\scala-lang\plugins\scala-continuations-library_2.11\1.0.2_mc\scala-continuations-library_2.11-1.0.2_mc.jar
   classpathEntry=C:\Users\enemos\curseforge\minecraft\Install\libraries\org\scala-lang\plugins\scala-continuations-plugin_2.11.1\1.0.2_mc\scala-continuations-plugin_2.11.1-1.0.2_mc.jar
   classpathEntry=C:\Users\enemos\curseforge\minecraft\Install\libraries\org\scala-lang\scala-library\2.11.1\scala-library-2.11.1.jar
   classpathEntry=C:\Users\enemos\curseforge\minecraft\Install\libraries\org\scala-lang\scala-parser-combinators_2.11\1.0.1\scala-parser-combinators_2.11-1.0.1.jar
   classpathEntry=C:\Users\enemos\curseforge\minecraft\Install\libraries\org\scala-lang\scala-reflect\2.11.1\scala-reflect-2.11.1.jar
   classpathEntry=C:\Users\enemos\curseforge\minecraft\Install\libraries\org\scala-lang\scala-swing_2.11\1.0.1\scala-swing_2.11-1.0.1.jar
   classpathEntry=C:\Users\enemos\curseforge\minecraft\Install\libraries\org\scala-lang\scala-xml_2.11\1.0.2\scala-xml_2.11-1.0.2.jar
   classpathEntry=C:\Users\enemos\curseforge\minecraft\Install\libraries\lzma\lzma\0.0.1\lzma-0.0.1.jar
   classpathEntry=C:\Users\enemos\curseforge\minecraft\Install\libraries\java3d\vecmath\1.5.2\vecmath-1.5.2.jar
   classpathEntry=C:\Users\enemos\curseforge\minecraft\Install\libraries\net\sf\trove4j\trove4j\3.0.3\trove4j-3.0.3.jar
   classpathEntry=C:\Users\enemos\curseforge\minecraft\Install\libraries\org\apache\maven\maven-artifact\3.5.3\maven-artifact-3.5.3.jar
   classpathEntry=C:\Users\enemos\curseforge\minecraft\Install\libraries\net\sf\jopt-simple\jopt-simple\5.0.3\jopt-simple-5.0.3.jar
   classpathEntry=C:\Users\enemos\curseforge\minecraft\Install\libraries\org\apache\logging\log4j\log4j-api\2.15.0\log4j-api-2.15.0.jar
   classpathEntry=C:\Users\enemos\curseforge\minecraft\Install\libraries\org\apache\logging\log4j\log4j-core\2.15.0\log4j-core-2.15.0.jar
   classpathEntry=C:\Users\enemos\curseforge\minecraft\Install\libraries\org\apache\logging\log4j\log4j-slf4j18-impl\2.15.0\log4j-slf4j18-impl-2.15.0.jar
   classpathEntry=C:\Users\enemos\curseforge\minecraft\Install\libraries\com\mojang\patchy\1.3.9\patchy-1.3.9.jar
   classpathEntry=C:\Users\enemos\curseforge\minecraft\Install\libraries\oshi-project\oshi-core\1.1\oshi-core-1.1.jar
   classpathEntry=C:\Users\enemos\curseforge\minecraft\Install\libraries\net\java\dev\jna\jna\4.4.0\jna-4.4.0.jar
   classpathEntry=C:\Users\enemos\curseforge\minecraft\Install\libraries\net\java\dev\jna\platform\3.4.0\platform-3.4.0.jar
   classpathEntry=C:\Users\enemos\curseforge\minecraft\Install\libraries\com\ibm\icu\icu4j-core-mojang\51.2\icu4j-core-mojang-51.2.jar
   classpathEntry=C:\Users\enemos\curseforge\minecraft\Install\libraries\com\paulscode\codecjorbis\20101023\codecjorbis-20101023.jar
   classpathEntry=C:\Users\enemos\curseforge\minecraft\Install\libraries\com\paulscode\codecwav\20101023\codecwav-20101023.jar
   classpathEntry=C:\Users\enemos\curseforge\minecraft\Install\libraries\com\paulscode\libraryjavasound\20101123\libraryjavasound-20101123.jar
   classpathEntry=C:\Users\enemos\curseforge\minecraft\Install\libraries\com\paulscode\librarylwjglopenal\20100824\librarylwjglopenal-20100824.jar
   classpathEntry=C:\Users\enemos\curseforge\minecraft\Install\libraries\com\paulscode\soundsystem\20120107\soundsystem-20120107.jar
   classpathEntry=C:\Users\enemos\curseforge\minecraft\Install\libraries\io\netty\netty-all\4.1.9.Final\netty-all-4.1.9.Final.jar
   classpathEntry=C:\Users\enemos\curseforge\minecraft\Install\libraries\com\google\guava\guava\21.0\guava-21.0.jar
   classpathEntry=C:\Users\enemos\curseforge\minecraft\Install\libraries\org\apache\commons\commons-lang3\3.5\commons-lang3-3.5.jar
   classpathEntry=C:\Users\enemos\curseforge\minecraft\Install\libraries\commons-io\commons-io\2.5\commons-io-2.5.jar
   classpathEntry=C:\Users\enemos\curseforge\minecraft\Install\libraries\commons-codec\commons-codec\1.10\commons-codec-1.10.jar
   classpathEntry=C:\Users\enemos\curseforge\minecraft\Install\libraries\net\java\jinput\jinput\2.0.5\jinput-2.0.5.jar
   classpathEntry=C:\Users\enemos\curseforge\minecraft\Install\libraries\net\java\jutils\jutils\1.0.0\jutils-1.0.0.jar
   classpathEntry=C:\Users\enemos\curseforge\minecraft\Install\libraries\com\google\code\gson\gson\2.8.0\gson-2.8.0.jar
   classpathEntry=C:\Users\enemos\curseforge\minecraft\Install\libraries\com\mojang\authlib\1.5.25\authlib-1.5.25.jar
   classpathEntry=C:\Users\enemos\curseforge\minecraft\Install\libraries\com\mojang\realms\1.10.22\realms-1.10.22.jar
   classpathEntry=C:\Users\enemos\curseforge\minecraft\Install\libraries\org\apache\commons\commons-compress\1.8.1\commons-compress-1.8.1.jar
   classpathEntry=C:\Users\enemos\curseforge\minecraft\Install\libraries\org\apache\httpcomponents\httpclient\4.3.3\httpclient-4.3.3.jar
   classpathEntry=C:\Users\enemos\curseforge\minecraft\Install\libraries\commons-logging\commons-logging\1.1.3\commons-logging-1.1.3.jar
   classpathEntry=C:\Users\enemos\curseforge\minecraft\Install\libraries\org\apache\httpcomponents\httpcore\4.3.2\httpcore-4.3.2.jar
   classpathEntry=C:\Users\enemos\curseforge\minecraft\Install\libraries\it\unimi\dsi\fastutil\7.1.0\fastutil-7.1.0.jar
   classpathEntry=C:\Users\enemos\curseforge\minecraft\Install\libraries\org\lwjgl\lwjgl\lwjgl\2.9.4-nightly-20150209\lwjgl-2.9.4-nightly-20150209.jar
   classpathEntry=C:\Users\enemos\curseforge\minecraft\Install\libraries\org\lwjgl\lwjgl\lwjgl_util\2.9.4-nightly-20150209\lwjgl_util-2.9.4-nightly-20150209.jar
   classpathEntry=C:\Users\enemos\curseforge\minecraft\Install\libraries\com\mojang\text2speech\1.10.3\text2speech-1.10.3.jar
   classpathEntry=C:\Users\enemos\curseforge\minecraft\Install\versions\forge-14.23.5.2859\forge-14.23.5.2859.jar
)
[20:51:39] [main/INFO]: Registering discovery module EnumeratorModuleClassPath: [<Java Class Path>]
[20:51:39] [main/INFO]: Registering discovery module EnumeratorModuleFolder: [C:\Users\enemos\curseforge\minecraft\Instances\THE PIT CLIENT\mods]
[20:51:39] [main/INFO]: Registering discovery module EnumeratorModuleFolder: [C:\Users\enemos\curseforge\minecraft\Instances\THE PIT CLIENT\mods\1.12.2]
[20:51:39] [main/INFO]: Registering enumerator plugin DefaultEnumeratorPlugin: [com.mumfrey.liteloader.core.api.DefaultEnumeratorPlugin@37864b77]
[20:51:39] [main/INFO]: Discovering valid mod files in folder C:\Users\enemos\curseforge\minecraft\Instances\THE PIT CLIENT\mods
[20:51:39] [main/INFO]: Inspecting jar metadata in 'baritone-api-forge-1.2.13.jar'
[20:51:39] [main/INFO]: Ignoring C:\Users\enemos\curseforge\minecraft\Instances\THE PIT CLIENT\mods\baritone-api-forge-1.2.13.jar
[20:51:39] [main/INFO]: Inspecting jar metadata in 'liteloader-1.12.2-SNAPSHOT-release.jar'
[20:51:39] [main/INFO]: Ignoring C:\Users\enemos\curseforge\minecraft\Instances\THE PIT CLIENT\mods\liteloader-1.12.2-SNAPSHOT-release.jar
[20:51:39] [main/INFO]: Inspecting jar metadata in 'mod_macros_0.15.4_for_1.12.1.litemod'
[20:51:39] [main/INFO]: Considering valid mod file: C:\Users\enemos\curseforge\minecraft\Instances\THE PIT CLIENT\mods\mod_macros_0.15.4_for_1.12.1.litemod
[20:51:39] [main/INFO]: Discovering valid mod files in folder C:\Users\enemos\curseforge\minecraft\Instances\THE PIT CLIENT\mods\1.12.2
[20:51:39] [main/INFO]: Discovering tweaks on class path...
[20:51:39] [main/INFO]: Baking listener list for EnumerationObserver with 1 listeners
[20:51:39] [main/INFO]: Registering discovered mod files in folder C:\Users\enemos\curseforge\minecraft\Instances\THE PIT CLIENT\mods
[20:51:39] [main/INFO]: Registering events.json for mod with id macros
[20:51:39] [main/INFO]: Adding newest valid mod file 'C:\Users\enemos\curseforge\minecraft\Instances\THE PIT CLIENT\mods\mod_macros_0.15.4_for_1.12.1.litemod' at revision 1540.0000
[20:51:39] [main/INFO]: Registering discovered mod files in folder C:\Users\enemos\curseforge\minecraft\Instances\THE PIT CLIENT\mods\1.12.2
[20:51:39] [main/INFO]: Registering mixin config mixins.macros.json for mod_macros_0.15.4_for_1.12.1.litemod
[20:51:39] [main/INFO]: Initialising LiteLoader Mixins
[20:51:39] [main/INFO]: LiteLoader PREINIT complete
[20:51:40] [main/INFO]: Parsing events for mod with id macros
[20:51:40] [main/INFO]: macros contains Accessor definitions, injecting into classpath...
[20:51:40] [main/INFO]: Registering events for mod with id macros
[20:51:40] [main/INFO]: FML detected, switching to searge mappings
[20:51:45] [Client thread/INFO]: Generating new Event Handler Proxy Class com.mumfrey.liteloader.core.event.EventProxy
[20:51:45] [Client thread/INFO]: Successfully generated event handler proxy class with 0 handlers(s) and 0 total invocations
[20:51:52] [Client thread/INFO]: JInput Component Registry is initialising...
[20:51:53] [Client thread/INFO]: Inspecting Mouse controller Souris HID on Unknown...
[20:51:53] [Client thread/INFO]: Inspecting Mouse controller Souris HID on Unknown...
[20:51:53] [Client thread/INFO]: Inspecting Mouse controller Souris HID on Unknown...
[20:51:53] [Client thread/INFO]: Inspecting Mouse controller Souris HID on Unknown...
[20:51:53] [Client thread/INFO]: Inspecting Mouse controller Souris HID on Unknown...
[20:51:53] [Client thread/INFO]: Inspecting Keyboard controller Périphérique clavier PIH on Unknown...
[20:51:53] [Client thread/INFO]: Inspecting Keyboard controller Périphérique clavier PIH on Unknown...
[20:51:53] [Client thread/INFO]: Inspecting Keyboard controller Périphérique clavier PIH on Unknown...
[20:51:53] [Client thread/INFO]: Inspecting Keyboard controller Périphérique clavier PIH on Unknown...
[20:51:53] [Client thread/INFO]: Inspecting Keyboard controller Clavier standard PS/2 on Unknown...
[20:51:53] [Client thread/INFO]: Inspecting Unknown controller HyperX Virtual Surround Sound on Unknown...
[20:51:53] [Client thread/INFO]: Inspecting Unknown controller Intel(R) HID Event Filter on Unknown...
[20:51:53] [Client thread/INFO]: Inspecting Unknown controller SteelSeries Apex 9 TKL on Unknown...
[20:51:53] [Client thread/INFO]: Inspecting Unknown controller HyperX SoloCast on Unknown...
[20:51:53] [Client thread/INFO]: Inspecting Unknown controller SteelSeries Apex 9 TKL on Unknown...
[20:51:53] [Client thread/INFO]: Inspecting Unknown controller Glorious Model I on Unknown...
[20:51:53] [Client thread/INFO]: Inspecting Unknown controller HyperX SoloCast on Unknown...
[20:51:53] [Client thread/INFO]: Inspecting Unknown controller HyperX SoloCast on Unknown...
[20:51:53] [Client thread/INFO]: Inspecting Unknown controller Glorious Model I on Unknown...
[20:51:53] [Client thread/INFO]: Inspecting Unknown controller HyperX Virtual Surround Sound on Unknown...
[20:51:53] [Client thread/INFO]: Inspecting Unknown controller Glorious Model I on Unknown...
[20:51:53] [Client thread/INFO]: Inspecting Unknown controller SteelSeries Apex 9 TKL on Unknown...
[20:51:53] [Client thread/INFO]: Inspecting Unknown controller Appareil Portable Device Control converti on Unknown...
[20:51:53] [Client thread/INFO]: Inspecting Unknown controller Appareil Portable Device Control converti on Unknown...
[20:51:53] [Client thread/INFO]: Inspecting Unknown controller ASUS Wireless Radio Control on Unknown...
[20:51:53] [Client thread/INFO]: Inspecting Unknown controller SteelSeries Apex 9 TKL on Unknown...
[20:51:53] [Client thread/INFO]: Inspecting Unknown controller SteelSeries Apex 9 TKL on Unknown...
[20:51:53] [Client thread/INFO]: JInput Component Registry initialised, found 27 controller(s) 783 component(s)
[20:51:53] [Client thread/INFO]: LiteLoader begin INIT...
[20:51:53] [Client thread/INFO]: Baking listener list for CoreProvider with 2 listeners
[20:51:53] [Client thread/INFO]: Injecting external mods into class path...
[20:51:53] [Client thread/INFO]: Injecting external mods into class path...
[20:51:53] [Client thread/INFO]: Discovering mods on class path...
[20:51:53] [Client thread/INFO]: Searching C:\Users\enemos\curseforge\minecraft\Install\libraries\net\minecraftforge\forge\1.12.2-14.23.5.2859\forge-1.12.2-14.23.5.2859.jar...
[20:51:53] [Client thread/INFO]: Searching C:\Users\enemos\curseforge\minecraft\Install\libraries\org\ow2\asm\asm-debug-all\5.2\asm-debug-all-5.2.jar...
[20:51:53] [Client thread/INFO]: Searching C:\Users\enemos\curseforge\minecraft\Install\libraries\net\minecraft\launchwrapper\1.12\launchwrapper-1.12.jar...
[20:51:53] [Client thread/INFO]: Searching C:\Users\enemos\curseforge\minecraft\Install\libraries\org\jline\jline\3.5.1\jline-3.5.1.jar...
[20:51:53] [Client thread/INFO]: Searching C:\Users\enemos\curseforge\minecraft\Install\libraries\com\typesafe\akka\akka-actor_2.11\2.3.3\akka-actor_2.11-2.3.3.jar...
[20:51:53] [Client thread/INFO]: Searching C:\Users\enemos\curseforge\minecraft\Install\libraries\com\typesafe\config\1.2.1\config-1.2.1.jar...
[20:51:53] [Client thread/INFO]: Searching C:\Users\enemos\curseforge\minecraft\Install\libraries\org\scala-lang\scala-actors-migration_2.11\1.1.0\scala-actors-migration_2.11-1.1.0.jar...
[20:51:53] [Client thread/INFO]: Searching C:\Users\enemos\curseforge\minecraft\Install\libraries\org\scala-lang\scala-compiler\2.11.1\scala-compiler-2.11.1.jar...
[20:51:53] [Client thread/INFO]: Searching C:\Users\enemos\curseforge\minecraft\Install\libraries\org\scala-lang\plugins\scala-continuations-library_2.11\1.0.2_mc\scala-continuations-library_2.11-1.0.2_mc.jar...
[20:51:53] [Client thread/INFO]: Searching C:\Users\enemos\curseforge\minecraft\Install\libraries\org\scala-lang\plugins\scala-continuations-plugin_2.11.1\1.0.2_mc\scala-continuations-plugin_2.11.1-1.0.2_mc.jar...
[20:51:53] [Client thread/INFO]: Searching C:\Users\enemos\curseforge\minecraft\Install\libraries\org\scala-lang\scala-library\2.11.1\scala-library-2.11.1.jar...
[20:51:53] [Client thread/INFO]: Searching C:\Users\enemos\curseforge\minecraft\Install\libraries\org\scala-lang\scala-parser-combinators_2.11\1.0.1\scala-parser-combinators_2.11-1.0.1.jar...
[20:51:53] [Client thread/INFO]: Searching C:\Users\enemos\curseforge\minecraft\Install\libraries\org\scala-lang\scala-reflect\2.11.1\scala-reflect-2.11.1.jar...
[20:51:53] [Client thread/INFO]: Searching C:\Users\enemos\curseforge\minecraft\Install\libraries\org\scala-lang\scala-swing_2.11\1.0.1\scala-swing_2.11-1.0.1.jar...
[20:51:53] [Client thread/INFO]: Searching C:\Users\enemos\curseforge\minecraft\Install\libraries\org\scala-lang\scala-xml_2.11\1.0.2\scala-xml_2.11-1.0.2.jar...
[20:51:53] [Client thread/INFO]: Searching C:\Users\enemos\curseforge\minecraft\Install\libraries\lzma\lzma\0.0.1\lzma-0.0.1.jar...
[20:51:53] [Client thread/INFO]: Searching C:\Users\enemos\curseforge\minecraft\Install\libraries\java3d\vecmath\1.5.2\vecmath-1.5.2.jar...
[20:51:53] [Client thread/INFO]: Searching C:\Users\enemos\curseforge\minecraft\Install\libraries\net\sf\trove4j\trove4j\3.0.3\trove4j-3.0.3.jar...
[20:51:53] [Client thread/INFO]: Searching C:\Users\enemos\curseforge\minecraft\Install\libraries\org\apache\maven\maven-artifact\3.5.3\maven-artifact-3.5.3.jar...
[20:51:53] [Client thread/INFO]: Searching C:\Users\enemos\curseforge\minecraft\Install\libraries\net\sf\jopt-simple\jopt-simple\5.0.3\jopt-simple-5.0.3.jar...
[20:51:53] [Client thread/INFO]: Searching C:\Users\enemos\curseforge\minecraft\Install\libraries\org\apache\logging\log4j\log4j-api\2.15.0\log4j-api-2.15.0.jar...
[20:51:53] [Client thread/INFO]: Searching C:\Users\enemos\curseforge\minecraft\Install\libraries\org\apache\logging\log4j\log4j-core\2.15.0\log4j-core-2.15.0.jar...
[20:51:53] [Client thread/INFO]: Searching C:\Users\enemos\curseforge\minecraft\Install\libraries\org\apache\logging\log4j\log4j-slf4j18-impl\2.15.0\log4j-slf4j18-impl-2.15.0.jar...
[20:51:53] [Client thread/INFO]: Searching C:\Users\enemos\curseforge\minecraft\Install\libraries\com\mojang\patchy\1.3.9\patchy-1.3.9.jar...
[20:51:53] [Client thread/INFO]: Searching C:\Users\enemos\curseforge\minecraft\Install\libraries\oshi-project\oshi-core\1.1\oshi-core-1.1.jar...
[20:51:53] [Client thread/INFO]: Searching C:\Users\enemos\curseforge\minecraft\Install\libraries\net\java\dev\jna\jna\4.4.0\jna-4.4.0.jar...
[20:51:53] [Client thread/INFO]: Searching C:\Users\enemos\curseforge\minecraft\Install\libraries\net\java\dev\jna\platform\3.4.0\platform-3.4.0.jar...
[20:51:53] [Client thread/INFO]: Searching C:\Users\enemos\curseforge\minecraft\Install\libraries\com\ibm\icu\icu4j-core-mojang\51.2\icu4j-core-mojang-51.2.jar...
[20:51:53] [Client thread/INFO]: Searching C:\Users\enemos\curseforge\minecraft\Install\libraries\com\paulscode\codecjorbis\20101023\codecjorbis-20101023.jar...
[20:51:53] [Client thread/INFO]: Searching C:\Users\enemos\curseforge\minecraft\Install\libraries\com\paulscode\codecwav\20101023\codecwav-20101023.jar...
[20:51:53] [Client thread/INFO]: Searching C:\Users\enemos\curseforge\minecraft\Install\libraries\com\paulscode\libraryjavasound\20101123\libraryjavasound-20101123.jar...
[20:51:53] [Client thread/INFO]: Searching C:\Users\enemos\curseforge\minecraft\Install\libraries\com\paulscode\librarylwjglopenal\20100824\librarylwjglopenal-20100824.jar...
[20:51:53] [Client thread/INFO]: Searching C:\Users\enemos\curseforge\minecraft\Install\libraries\com\paulscode\soundsystem\20120107\soundsystem-20120107.jar...
[20:51:53] [Client thread/INFO]: Searching C:\Users\enemos\curseforge\minecraft\Install\libraries\io\netty\netty-all\4.1.9.Final\netty-all-4.1.9.Final.jar...
[20:51:53] [Client thread/INFO]: Searching C:\Users\enemos\curseforge\minecraft\Install\libraries\com\google\guava\guava\21.0\guava-21.0.jar...
[20:51:53] [Client thread/INFO]: Searching C:\Users\enemos\curseforge\minecraft\Install\libraries\org\apache\commons\commons-lang3\3.5\commons-lang3-3.5.jar...
[20:51:53] [Client thread/INFO]: Searching C:\Users\enemos\curseforge\minecraft\Install\libraries\commons-io\commons-io\2.5\commons-io-2.5.jar...
[20:51:53] [Client thread/INFO]: Searching C:\Users\enemos\curseforge\minecraft\Install\libraries\commons-codec\commons-codec\1.10\commons-codec-1.10.jar...
[20:51:53] [Client thread/INFO]: Searching C:\Users\enemos\curseforge\minecraft\Install\libraries\net\java\jinput\jinput\2.0.5\jinput-2.0.5.jar...
[20:51:53] [Client thread/INFO]: Searching C:\Users\enemos\curseforge\minecraft\Install\libraries\net\java\jutils\jutils\1.0.0\jutils-1.0.0.jar...
[20:51:53] [Client thread/INFO]: Searching C:\Users\enemos\curseforge\minecraft\Install\libraries\com\google\code\gson\gson\2.8.0\gson-2.8.0.jar...
[20:51:53] [Client thread/INFO]: Searching C:\Users\enemos\curseforge\minecraft\Install\libraries\com\mojang\authlib\1.5.25\authlib-1.5.25.jar...
[20:51:53] [Client thread/INFO]: Searching C:\Users\enemos\curseforge\minecraft\Install\libraries\com\mojang\realms\1.10.22\realms-1.10.22.jar...
[20:51:53] [Client thread/INFO]: Searching C:\Users\enemos\curseforge\minecraft\Install\libraries\org\apache\commons\commons-compress\1.8.1\commons-compress-1.8.1.jar...
[20:51:53] [Client thread/INFO]: Searching C:\Users\enemos\curseforge\minecraft\Install\libraries\org\apache\httpcomponents\httpclient\4.3.3\httpclient-4.3.3.jar...
[20:51:53] [Client thread/INFO]: Searching C:\Users\enemos\curseforge\minecraft\Install\libraries\commons-logging\commons-logging\1.1.3\commons-logging-1.1.3.jar...
[20:51:53] [Client thread/INFO]: Searching C:\Users\enemos\curseforge\minecraft\Install\libraries\org\apache\httpcomponents\httpcore\4.3.2\httpcore-4.3.2.jar...
[20:51:53] [Client thread/INFO]: Searching C:\Users\enemos\curseforge\minecraft\Install\libraries\it\unimi\dsi\fastutil\7.1.0\fastutil-7.1.0.jar...
[20:51:53] [Client thread/INFO]: Searching C:\Users\enemos\curseforge\minecraft\Install\libraries\org\lwjgl\lwjgl\lwjgl\2.9.4-nightly-20150209\lwjgl-2.9.4-nightly-20150209.jar...
[20:51:53] [Client thread/INFO]: Searching C:\Users\enemos\curseforge\minecraft\Install\libraries\org\lwjgl\lwjgl\lwjgl_util\2.9.4-nightly-20150209\lwjgl_util-2.9.4-nightly-20150209.jar...
[20:51:53] [Client thread/INFO]: Searching C:\Users\enemos\curseforge\minecraft\Install\libraries\com\mojang\text2speech\1.10.3\text2speech-1.10.3.jar...
[20:51:53] [Client thread/INFO]: Searching C:\Users\enemos\curseforge\minecraft\Install\versions\forge-14.23.5.2859\forge-14.23.5.2859.jar...
[20:51:53] [Client thread/INFO]: Discovering mods in valid mod files...
[20:51:53] [Client thread/INFO]: Searching C:\Users\enemos\curseforge\minecraft\Instances\THE PIT CLIENT\mods\mod_macros_0.15.4_for_1.12.1.litemod...
[20:51:53] [Client thread/INFO]: Found 1 potential matches
[20:51:53] [Client thread/INFO]: Discovering mods in valid mod files...
[20:51:53] [Client thread/INFO]: Mod class discovery completed
[20:51:53] [Client thread/INFO]: LiteLoader begin POSTINIT...
[20:51:53] [Client thread/INFO]: Inhibiting sound handler reload
[20:51:53] [Client thread/INFO]: Registering interface provider com.mumfrey.liteloader.client.LiteLoaderEventBrokerClient for API LiteLoader core API
[20:51:53] [Client thread/INFO]: Registering interface provider com.mumfrey.liteloader.client.PacketEventsClient for API LiteLoader core API
[20:51:53] [Client thread/INFO]: Registering interface provider com.mumfrey.liteloader.client.ClientPluginChannelsClient for API LiteLoader core API
[20:51:53] [Client thread/INFO]: Registering interface provider com.mumfrey.liteloader.core.ServerPluginChannels for API LiteLoader core API
[20:51:53] [Client thread/INFO]: Registering interface provider com.mumfrey.liteloader.messaging.MessageBus for API LiteLoader core API
[20:51:53] [Client thread/INFO]: Discovered 1 total mod(s), injected 0 tweak(s)
[20:51:53] [Client thread/INFO]: Loading mod from net.eq2online.macros.LiteModMacros
[20:51:53] [Client thread/INFO]: Baking listener list for ModLoadObserver with 1 listeners
[20:51:53] [Client thread/INFO]: Successfully added mod Macro / Keybind Mod version 0.15.4
[20:51:53] [Client thread/INFO]: Adding "C:\Users\enemos\curseforge\minecraft\Instances\THE PIT CLIENT\mods\mod_macros_0.15.4_for_1.12.1.litemod" to active resource pack set
[20:51:53] [Client thread/INFO]: Setting up "mod_macros_0.15.4_for_1.12.1.litemod" as mod resource pack with identifier "Macro / Keybind Mod"
[20:51:53] [Client thread/INFO]: Successfully added "C:\Users\enemos\curseforge\minecraft\Instances\THE PIT CLIENT\mods\mod_macros_0.15.4_for_1.12.1.litemod" to active resource pack set
[20:51:53] [Client thread/INFO]: Initialising mod Macro / Keybind Mod version 0.15.4
[20:51:53] [Client thread/INFO]: loading localisations for en_gb
[20:51:53] [Client thread/INFO]: loading localisations for en_gb
[20:51:53] [Client thread/INFO]: loading localisations for en_us
[20:51:53] [Client thread/INFO]: Forge ClientCommandHandler was found, outbound commands will be processed by Forge
[20:51:54] [Client thread/INFO]: API Loaded module module_baritone-0.1-24.2-0.14.2-mc1.11.2.jar found 13 custom action(s) 3 new variable provider(s) 0 new iterator(s), 0 event provider(s)
[20:51:54] [Client thread/INFO]: API Loaded module module_documentorAPI-0.1-26.1-0.15.4-mc1.12.1.jar found 2 custom action(s) 1 new variable provider(s) 0 new iterator(s), 0 event provider(s)
[20:51:54] [Client thread/INFO]: API Loaded module module_Klacaiba-2.7.0-26.1-0.15.4-mc1.12.1.jar found 1 custom action(s) 2 new variable provider(s) 0 new iterator(s), 1 event provider(s)
[20:51:54] [Client thread/INFO]: API Loaded module module_reconnect_api26_v0.1.jar found 1 custom action(s) 1 new variable provider(s) 0 new iterator(s), 0 event provider(s)
[20:51:54] [Client thread/INFO]: Loading macro templates...
[20:51:54] [Client thread/INFO]: Using config dir /liteconfig/common/macros/
[20:51:54] [Client thread/INFO]: Script engine initialised, registered 128 script action(s)
[20:51:54] [Client thread/INFO]: Script engine initialised, registered 68 script action(s)
[20:51:54] [Client thread/INFO]: Loading chat filter templates...
[20:51:54] [Client thread/INFO]: Baking listener list for InterfaceObserver with 0 listeners
[20:51:54] [Client thread/INFO]: Listener Macro / Keybind Mod is registering MessageBus channel macros:version
[20:51:54] [Client thread/INFO]: Listener Macro / Keybind Mod is registering MessageBus channel macros:variable
[20:51:59] [Client thread/INFO]: loading localisations for en_gb
[20:51:59] [Client thread/INFO]: loading localisations for en_us
[20:51:59] [Client thread/INFO]: Calling late init for mod Macro / Keybind Mod
[20:51:59] [Client thread/INFO]: Baking listener list for ViewportListener with 1 listeners
[20:51:59] [Client thread/INFO]: Sound handler reload inhibit removed
[20:51:59] [Client thread/INFO]: Reloading sound handler
[20:52:00] [Client thread/INFO]: Baking listener list for GameLoopListener with 1 listeners
[20:52:00] [Client thread/INFO]: Baking listener list for RenderListener with 1 listeners
[20:52:00] [Client thread/INFO]: Baking listener list for TickObserver with 3 listeners
[20:52:00] [Client thread/INFO]: Baking listener list for PostRenderObserver with 3 listeners
[20:52:00] [Client thread/INFO]: Baking listener list for Tickable with 2 listeners
[20:52:00] [Client thread/INFO]: JInput Component Registry is initialising...
[20:52:00] [Client thread/INFO]: Inspecting Mouse controller Souris HID on Unknown...
[20:52:00] [Client thread/INFO]: Inspecting Mouse controller Souris HID on Unknown...
[20:52:00] [Client thread/INFO]: Inspecting Mouse controller Souris HID on Unknown...
[20:52:00] [Client thread/INFO]: Inspecting Mouse controller Souris HID on Unknown...
[20:52:00] [Client thread/INFO]: Inspecting Mouse controller Souris HID on Unknown...
[20:52:00] [Client thread/INFO]: Inspecting Keyboard controller Périphérique clavier PIH on Unknown...
[20:52:00] [Client thread/INFO]: Inspecting Keyboard controller Périphérique clavier PIH on Unknown...
[20:52:00] [Client thread/INFO]: Inspecting Keyboard controller Périphérique clavier PIH on Unknown...
[20:52:00] [Client thread/INFO]: Inspecting Keyboard controller Périphérique clavier PIH on Unknown...
[20:52:00] [Client thread/INFO]: Inspecting Keyboard controller Clavier standard PS/2 on Unknown...
[20:52:00] [Client thread/INFO]: Inspecting Unknown controller HyperX Virtual Surround Sound on Unknown...
[20:52:00] [Client thread/INFO]: Inspecting Unknown controller Intel(R) HID Event Filter on Unknown...
[20:52:00] [Client thread/INFO]: Inspecting Unknown controller SteelSeries Apex 9 TKL on Unknown...
[20:52:00] [Client thread/INFO]: Inspecting Unknown controller HyperX SoloCast on Unknown...
[20:52:00] [Client thread/INFO]: Inspecting Unknown controller SteelSeries Apex 9 TKL on Unknown...
[20:52:00] [Client thread/INFO]: Inspecting Unknown controller Glorious Model I on Unknown...
[20:52:00] [Client thread/INFO]: Inspecting Unknown controller HyperX SoloCast on Unknown...
[20:52:00] [Client thread/INFO]: Inspecting Unknown controller HyperX SoloCast on Unknown...
[20:52:00] [Client thread/INFO]: Inspecting Unknown controller Glorious Model I on Unknown...
[20:52:00] [Client thread/INFO]: Inspecting Unknown controller HyperX Virtual Surround Sound on Unknown...
[20:52:00] [Client thread/INFO]: Inspecting Unknown controller Glorious Model I on Unknown...
[20:52:00] [Client thread/INFO]: Inspecting Unknown controller SteelSeries Apex 9 TKL on Unknown...
[20:52:00] [Client thread/INFO]: Inspecting Unknown controller Appareil Portable Device Control converti on Unknown...
[20:52:00] [Client thread/INFO]: Inspecting Unknown controller Appareil Portable Device Control converti on Unknown...
[20:52:00] [Client thread/INFO]: Inspecting Unknown controller ASUS Wireless Radio Control on Unknown...
[20:52:00] [Client thread/INFO]: Inspecting Unknown controller SteelSeries Apex 9 TKL on Unknown...
[20:52:00] [Client thread/INFO]: Inspecting Unknown controller SteelSeries Apex 9 TKL on Unknown...
[20:52:00] [Client thread/INFO]: JInput Component Registry initialised, found 27 controller(s) 783 component(s)
[20:52:00] [Client thread/INFO]: Hooking jinput:mouse/Souris HID/Unknown/0/3/0 as ID 253 via JInput
[20:52:00] [Client thread/INFO]: Hooking jinput:mouse/Souris HID/Unknown/0/3/3 as ID 253 via JInput
[20:52:00] [Client thread/INFO]: Hooking jinput:mouse/Souris HID/Unknown/0/3/1 as ID 253 via JInput
[20:52:00] [Client thread/INFO]: Hooking jinput:mouse/Souris HID/Unknown/0/3/2 as ID 253 via JInput
[20:52:00] [Client thread/INFO]: Hooking jinput:mouse/Souris HID/Unknown/0/4/2 as ID 254 via JInput
[20:52:00] [Client thread/INFO]: Hooking jinput:mouse/Souris HID/Unknown/0/4/3 as ID 254 via JInput
[20:52:00] [Client thread/INFO]: Hooking jinput:mouse/Souris HID/Unknown/0/4/0 as ID 254 via JInput
[20:52:00] [Client thread/INFO]: Hooking jinput:mouse/Souris HID/Unknown/0/4/1 as ID 254 via JInput
[20:52:00] [Client thread/INFO]: Baking listener list for FrameBufferListener with 0 listeners
[20:52:13] [Netty Client IO #0/INFO]: Generating new Event Handler Proxy Class com.mumfrey.liteloader.core.event.EventProxy$2
[20:52:13] [Netty Client IO #0/INFO]: Successfully generated event handler proxy class with 124 handlers(s) and 124 total invocations
[20:52:15] [Netty Client IO #1/INFO]: Baking listener list for PostLoginListener with 0 listeners
[20:52:16] [Client thread/INFO]: Baking listener list for PreJoinGameListener with 0 listeners
[20:52:17] [Client thread/INFO]: Baking listener list for JoinGameListener with 1 listeners
[20:52:17] [Client thread/INFO]: Baking listener list for PreRenderListener with 0 listeners
[20:52:17] [Client thread/INFO]: Baking listener list for PostRenderListener with 1 listeners
[20:52:17] [Client thread/INFO]: Baking listener list for HUDRenderListener with 0 listeners
[20:52:17] [Client thread/INFO]: onConnectToServer: mc.hypixel.net:25,565
[20:52:17] [Client thread/INFO]: Baking listener list for WorldObserver with 2 listeners
[20:52:17] [Client thread/INFO]: Baking listener list for ChatListener with 2 listeners
[20:52:18] [Client thread/INFO]: Baking listener list for EntityRenderListener with 0 listeners
[20:52:19] [Client thread/INFO]: [LOG] Scripts : Stop
[20:52:19] [Client thread/INFO]: [LOG] Scripts : main
[20:52:23] [Client thread/INFO]: Baking listener list for PlayerClickListener with 0 listeners
